<?xml version="1.0" encoding="UTF-8"?>
<testsuite xmlns:xsi="http://www.w3.org/2001/XMLSchema-instance" xsi:noNamespaceSchemaLocation="https://maven.apache.org/surefire/maven-surefire-plugin/xsd/surefire-test-report.xsd" name="com.apps.app1.TestFile" time="0.478" tests="1" errors="0" skipped="0" failures="0">
  <properties>
    <property name="sun.desktop" value="windows"/>
    <property name="awt.toolkit" value="sun.awt.windows.WToolkit"/>
    <property name="file.encoding.pkg" value="sun.io"/>
    <property name="java.specification.version" value="1.8"/>
    <property name="sun.cpu.isalist" value="pentium_pro+mmx pentium_pro pentium+mmx pentium i486 i386 i86"/>
    <property name="sun.jnu.encoding" value="Cp1252"/>
    <property name="java.class.path" value="D:\Automation Projects\app1\target\test-classes;D:\Automation Projects\app1\target\classes;C:\Users\Krish\.m2\repository\junit\junit\3.8.1\junit-3.8.1.jar;C:\Users\Krish\.m2\repository\org\testng\testng\6.14.3\testng-6.14.3.jar;C:\Users\Krish\.m2\repository\com\beust\jcommander\1.72\jcommander-1.72.jar;C:\Users\Krish\.m2\repository\org\apache-extras\beanshell\bsh\2.0b6\bsh-2.0b6.jar;C:\Users\Krish\.m2\repository\org\apache\maven\surefire\surefire-testng-utils\2.22.0\surefire-testng-utils-2.22.0.jar;C:\Users\Krish\.m2\repository\org\apache\maven\surefire\surefire-grouper\2.22.0\surefire-grouper-2.22.0.jar;"/>
    <property name="java.vm.vendor" value="Oracle Corporation"/>
    <property name="sun.arch.data.model" value="32"/>
    <property name="user.variant" value=""/>
    <property name="java.vendor.url" value="http://java.oracle.com/"/>
    <property name="user.timezone" value="Asia/Calcutta"/>
    <property name="java.vm.specification.version" value="1.8"/>
    <property name="os.name" value="Windows 10"/>
    <property name="user.country" value="US"/>
    <property name="sun.java.launcher" value="SUN_STANDARD"/>
    <property name="sun.boot.library.path" value="C:\Program Files (x86)\Java\jre1.8.0_301\bin"/>
    <property name="sun.java.command" value="C:\Users\Krish\AppData\Local\Temp\surefire5830050888630405352\surefirebooter6458939341598513474.jar C:\Users\Krish\AppData\Local\Temp\surefire5830050888630405352 2021-09-15T00-59-59_346-jvmRun1 surefire8628963362539034140tmp surefire_02221577964437351125tmp"/>
    <property name="surefire.test.class.path" value="D:\Automation Projects\app1\target\test-classes;D:\Automation Projects\app1\target\classes;C:\Users\Krish\.m2\repository\junit\junit\3.8.1\junit-3.8.1.jar;C:\Users\Krish\.m2\repository\org\testng\testng\6.14.3\testng-6.14.3.jar;C:\Users\Krish\.m2\repository\com\beust\jcommander\1.72\jcommander-1.72.jar;C:\Users\Krish\.m2\repository\org\apache-extras\beanshell\bsh\2.0b6\bsh-2.0b6.jar;C:\Users\Krish\.m2\repository\org\apache\maven\surefire\surefire-testng-utils\2.22.0\surefire-testng-utils-2.22.0.jar;C:\Users\Krish\.m2\repository\org\apache\maven\surefire\surefire-grouper\2.22.0\surefire-grouper-2.22.0.jar;"/>
    <property name="sun.cpu.endian" value="little"/>
    <property name="user.home" value="C:\Users\Krish"/>
    <property name="user.language" value="en"/>
    <property name="java.specification.vendor" value="Oracle Corporation"/>
    <property name="java.home" value="C:\Program Files (x86)\Java\jre1.8.0_301"/>
    <property name="basedir" value="D:\Automation Projects\app1"/>
    <property name="file.separator" value="\"/>
    <property name="line.separator" value="&#10;"/>
    <property name="java.vm.specification.vendor" value="Oracle Corporation"/>
    <property name="java.specification.name" value="Java Platform API Specification"/>
    <property name="java.awt.graphicsenv" value="sun.awt.Win32GraphicsEnvironment"/>
    <property name="surefire.real.class.path" value="C:\Users\Krish\AppData\Local\Temp\surefire5830050888630405352\surefirebooter6458939341598513474.jar"/>
    <property name="sun.boot.class.path" value="C:\Program Files (x86)\Java\jre1.8.0_301\lib\resources.jar;C:\Program Files (x86)\Java\jre1.8.0_301\lib\rt.jar;C:\Program Files (x86)\Java\jre1.8.0_301\lib\sunrsasign.jar;C:\Program Files (x86)\Java\jre1.8.0_301\lib\jsse.jar;C:\Program Files (x86)\Java\jre1.8.0_301\lib\jce.jar;C:\Program Files (x86)\Java\jre1.8.0_301\lib\charsets.jar;C:\Program Files (x86)\Java\jre1.8.0_301\lib\jfr.jar;C:\Program Files (x86)\Java\jre1.8.0_301\classes"/>
    <property name="user.script" value=""/>
    <property name="sun.management.compiler" value="HotSpot Client Compiler"/>
    <property name="java.runtime.version" value="1.8.0_301-b09"/>
    <property name="user.name" value="Krishna"/>
    <property name="path.separator" value=";"/>
    <property name="os.version" value="10.0"/>
    <property name="java.endorsed.dirs" value="C:\Program Files (x86)\Java\jre1.8.0_301\lib\endorsed"/>
    <property name="java.runtime.name" value="Java(TM) SE Runtime Environment"/>
    <property name="file.encoding" value="Cp1252"/>
    <property name="java.vm.name" value="Java HotSpot(TM) Client VM"/>
    <property name="localRepository" value="C:\Users\Krish\.m2\repository"/>
    <property name="java.vendor.url.bug" value="http://bugreport.sun.com/bugreport/"/>
    <property name="java.io.tmpdir" value="C:\Users\Krish\AppData\Local\Temp\"/>
    <property name="java.version" value="1.8.0_301"/>
    <property name="user.dir" value="D:\Automation Projects\app1"/>
    <property name="os.arch" value="x86"/>
    <property name="java.vm.specification.name" value="Java Virtual Machine Specification"/>
    <property name="java.awt.printerjob" value="sun.awt.windows.WPrinterJob"/>
    <property name="sun.os.patch.level" value=""/>
    <property name="java.library.path" value="C:\Program Files (x86)\Java\jre1.8.0_301\bin;C:\Windows\Sun\Java\bin;C:\Windows\system32;C:\Windows;C:/Program Files (x86)/Java/jre1.8.0_301/bin/client;C:/Program Files (x86)/Java/jre1.8.0_301/bin;C:/Program Files (x86)/Java/jre1.8.0_301/lib/i386;C:\Program Files (x86)\Common Files\Oracle\Java\javapath;C:\Windows\system32;C:\Windows;C:\Windows\System32\Wbem;C:\Windows\System32\WindowsPowerShell\v1.0\;C:\Windows\System32\OpenSSH\;C:\Program Files\PuTTY\;C:\Program Files (x86)\Git\cmd;C:\Users\Krish\AppData\Local\Microsoft\WindowsApps;;C:\Users\Krish\AppData\Local\Programs\Microsoft VS Code\bin;D:\Softwares\Work Software\eclipse;;."/>
    <property name="java.vm.info" value="mixed mode"/>
    <property name="java.vendor" value="Oracle Corporation"/>
    <property name="java.vm.version" value="25.301-b09"/>
    <property name="java.ext.dirs" value="C:\Program Files (x86)\Java\jre1.8.0_301\lib\ext;C:\Windows\Sun\Java\lib\ext"/>
    <property name="sun.io.unicode.encoding" value="UnicodeLittle"/>
    <property name="java.class.version" value="52.0"/>
  </properties>
  <testcase name="t1" classname="com.apps.app1.TestFile" time="0.005"/>
</testsuite>