<?xml version="1.0" encoding="UTF-8"?>
<!-- Generated by org.testng.reporters.JUnitReportReporter -->
<testsuite skipped="0" hostname="DESKTOP-LAFDDUA" name="com.apps.app1.TestFile" tests="1" failures="0" timestamp="14 Sep 2021 19:30:02 GMT" time="0.005" errors="0">
  <testcase name="t1" time="0.005" classname="com.apps.app1.TestFile"/>
</testsuite> <!-- com.apps.app1.TestFile -->
